#
# There is insufficient memory for the Java Runtime Environment to continue.
# Native memory allocation (malloc) failed to allocate 32744 bytes. Error detail: Chunk::new
# Possible reasons:
#   The system is out of physical RAM or swap space
#   This process is running with CompressedOops enabled, and the Java Heap may be blocking the growth of the native heap
# Possible solutions:
#   Reduce memory load on the system
#   Increase physical memory or swap space
#   Check if swap backing store is full
#   Decrease Java heap size (-Xmx/-Xms)
#   Decrease number of Java threads
#   Decrease Java thread stack sizes (-Xss)
#   Set larger code cache with -XX:ReservedCodeCacheSize=
#   JVM is running with Unscaled Compressed Oops mode in which the Java heap is
#     placed in the first 4GB address space. The Java Heap base address is the
#     maximum limit for the native heap growth. Please use -XX:HeapBaseMinAddress
#     to set the Java Heap base and to place the Java Heap above 4GB virtual address.
# This output file may be truncated or incomplete.
#
#  Out of Memory Error (arena.cpp:168), pid=18636, tid=4872
#
# JRE version: OpenJDK Runtime Environment Corretto-21.0.6.7.1 (21.0.6+7) (build 21.0.6+7-LTS)
# Java VM: OpenJDK 64-Bit Server VM Corretto-21.0.6.7.1 (21.0.6+7-LTS, mixed mode, sharing, tiered, compressed oops, compressed class ptrs, g1 gc, windows-amd64)
# No core dump will be written. Minidumps are not enabled by default on client versions of Windows
#

---------------  S U M M A R Y ------------

Command Line: -ea -Didea.test.cyclic.buffer.size=1048576 -javaagent:C:\Users\Dell\AppData\Local\JetBrains\IntelliJ IDEA 2024.3.1.1\lib\idea_rt.jar=61395 -javaagent:C:\Users\Dell\AppData\Local\JetBrains\IntelliJIdea2024.3\captureAgent\debugger-agent.jar -Dkotlinx.coroutines.debug.enable.creation.stack.trace=false -Ddebugger.agent.enable.coroutines=true -Dkotlinx.coroutines.debug.enable.flows.stack.trace=true -Dkotlinx.coroutines.debug.enable.mutable.state.flows.stack.trace=true -Dfile.encoding=UTF-8 -Dsun.stdout.encoding=UTF-8 -Dsun.stderr.encoding=UTF-8 com.intellij.rt.junit.JUnitStarter -ideVersion5 -junit5 org.estore.estore.service.OrderServiceTest,testCanPlaceOrder

Host: Intel(R) Core(TM) i5-6300U CPU @ 2.40GHz, 4 cores, 7G,  Windows 11 , 64 bit Build 22621 (10.0.22621.5262)
Time: Fri May 23 13:35:24 2025 W. Central Africa Standard Time elapsed time: 2.273353 seconds (0d 0h 0m 2s)

---------------  T H R E A D  ---------------

Current thread (0x000001f98c54e6a0):  JavaThread "C2 CompilerThread1" daemon [_thread_in_native, id=4872, stack(0x00000047f1c00000,0x00000047f1d00000) (1024K)]


Current CompileTask:
C2:2273 1905       4       java.lang.invoke.MethodType::makeImpl (109 bytes)

Stack: [0x00000047f1c00000,0x00000047f1d00000]
Native frames: (J=compiled Java code, j=interpreted, Vv=VM code, C=native code)
V  [jvm.dll+0x6da5e9]
V  [jvm.dll+0x8b6b73]
V  [jvm.dll+0x8b8ece]
V  [jvm.dll+0x8b95b3]
V  [jvm.dll+0x286256]
V  [jvm.dll+0xc65ed]
V  [jvm.dll+0xc6b23]
V  [jvm.dll+0x3c59b8]
V  [jvm.dll+0x5e1ce6]
V  [jvm.dll+0x38c296]
V  [jvm.dll+0x38b6da]
V  [jvm.dll+0x24e5e2]
V  [jvm.dll+0x24dbb1]
V  [jvm.dll+0x1cc3e4]
V  [jvm.dll+0x25d279]
V  [jvm.dll+0x25b82b]
V  [jvm.dll+0x3facb6]
V  [jvm.dll+0x85f868]
V  [jvm.dll+0x6d8ded]
C  [ucrtbase.dll+0x29333]
C  [KERNEL32.DLL+0x1259d]
C  [ntdll.dll+0x5af58]


---------------  P R O C E S S  ---------------

Threads class SMR info:
_java_thread_list=0x000001f98d94ce80, length=17, elements={
0x000001f92881d900, 0x000001f946dfd8e0, 0x000001f946dff440, 0x000001f946e00090,
0x000001f946e00ce0, 0x000001f946e03840, 0x000001f946e04290, 0x000001f946e05010,
0x000001f98c028030, 0x000001f98c04b660, 0x000001f98c21d740, 0x000001f98c322ec0,
0x000001f98c54e6a0, 0x000001f98d6cfc00, 0x000001f98d5560c0, 0x000001f98d91fc20,
0x000001f98d920fd0
}

Java Threads: ( => current thread )
  0x000001f92881d900 JavaThread "main"                              [_thread_in_Java, id=6740, stack(0x00000047f0900000,0x00000047f0a00000) (1024K)]
  0x000001f946dfd8e0 JavaThread "Reference Handler"          daemon [_thread_blocked, id=16816, stack(0x00000047f1100000,0x00000047f1200000) (1024K)]
  0x000001f946dff440 JavaThread "Finalizer"                  daemon [_thread_blocked, id=444, stack(0x00000047f1200000,0x00000047f1300000) (1024K)]
  0x000001f946e00090 JavaThread "Signal Dispatcher"          daemon [_thread_blocked, id=10440, stack(0x00000047f1300000,0x00000047f1400000) (1024K)]
  0x000001f946e00ce0 JavaThread "Attach Listener"            daemon [_thread_blocked, id=17756, stack(0x00000047f1400000,0x00000047f1500000) (1024K)]
  0x000001f946e03840 JavaThread "Service Thread"             daemon [_thread_blocked, id=12172, stack(0x00000047f1500000,0x00000047f1600000) (1024K)]
  0x000001f946e04290 JavaThread "Monitor Deflation Thread"   daemon [_thread_blocked, id=17048, stack(0x00000047f1600000,0x00000047f1700000) (1024K)]
  0x000001f946e05010 JavaThread "C2 CompilerThread0"         daemon [_thread_in_native, id=12268, stack(0x00000047f1700000,0x00000047f1800000) (1024K)]
  0x000001f98c028030 JavaThread "C1 CompilerThread0"         daemon [_thread_blocked, id=19908, stack(0x00000047f1800000,0x00000047f1900000) (1024K)]
  0x000001f98c04b660 JavaThread "Common-Cleaner"             daemon [_thread_blocked, id=10100, stack(0x00000047f1900000,0x00000047f1a00000) (1024K)]
  0x000001f98c21d740 JavaThread "Monitor Ctrl-Break"         daemon [_thread_in_native, id=5264, stack(0x00000047f1a00000,0x00000047f1b00000) (1024K)]
  0x000001f98c322ec0 JavaThread "Notification Thread"        daemon [_thread_blocked, id=19504, stack(0x00000047f1b00000,0x00000047f1c00000) (1024K)]
=>0x000001f98c54e6a0 JavaThread "C2 CompilerThread1"         daemon [_thread_in_native, id=4872, stack(0x00000047f1c00000,0x00000047f1d00000) (1024K)]
  0x000001f98d6cfc00 JavaThread "RMI TCP Accept-0"           daemon [_thread_in_native, id=19300, stack(0x00000047f2000000,0x00000047f2100000) (1024K)]
  0x000001f98d5560c0 JavaThread "RMI TCP Connection(1)-172.16.0.225" daemon [_thread_in_native, id=22912, stack(0x00000047f2100000,0x00000047f2200000) (1024K)]
  0x000001f98d91fc20 JavaThread "RMI Scheduler(0)"           daemon [_thread_blocked, id=23544, stack(0x00000047f2200000,0x00000047f2300000) (1024K)]
  0x000001f98d920fd0 JavaThread "JMX server connection timeout 28" daemon [_thread_blocked, id=13216, stack(0x00000047f2300000,0x00000047f2400000) (1024K)]
Total: 17

Other Threads:
  0x000001f946ddf6c0 VMThread "VM Thread"                           [id=12828, stack(0x00000047f1000000,0x00000047f1100000) (1024K)]
  0x000001f946dcbe10 WatcherThread "VM Periodic Task Thread"        [id=1556, stack(0x00000047f0f00000,0x00000047f1000000) (1024K)]
  0x000001f92aac3030 WorkerThread "GC Thread#0"                     [id=14264, stack(0x00000047f0a00000,0x00000047f0b00000) (1024K)]
  0x000001f98c97f680 WorkerThread "GC Thread#1"                     [id=6408, stack(0x00000047f1d00000,0x00000047f1e00000) (1024K)]
  0x000001f98c9940f0 WorkerThread "GC Thread#2"                     [id=20232, stack(0x00000047f1e00000,0x00000047f1f00000) (1024K)]
  0x000001f98c9abbf0 WorkerThread "GC Thread#3"                     [id=18044, stack(0x00000047f1f00000,0x00000047f2000000) (1024K)]
  0x000001f92ab16520 ConcurrentGCThread "G1 Main Marker"            [id=7620, stack(0x00000047f0b00000,0x00000047f0c00000) (1024K)]
  0x000001f92ab17020 WorkerThread "G1 Conc#0"                       [id=3776, stack(0x00000047f0c00000,0x00000047f0d00000) (1024K)]
  0x000001f92ab5e810 ConcurrentGCThread "G1 Refine#0"               [id=21172, stack(0x00000047f0d00000,0x00000047f0e00000) (1024K)]
  0x000001f946c92550 ConcurrentGCThread "G1 Service"                [id=17896, stack(0x00000047f0e00000,0x00000047f0f00000) (1024K)]
Total: 10

Threads with active compile tasks:
C2 CompilerThread0  2329 1937       4       java.lang.invoke.MethodType::methodType (69 bytes)
C1 CompilerThread0  2329 2053       3       org.springframework.core.annotation.AnnotationsScanner::getDeclaredAnnotations (166 bytes)
C2 CompilerThread1  2330 1905       4       java.lang.invoke.MethodType::makeImpl (109 bytes)
Total: 3

VM state: not at safepoint (normal execution)

VM Mutex/Monitor currently owned by a thread:  ([mutex/lock_event])
[0x00007ff960a5e3a0] Compile_lock - owner thread: 0x000001f98c028030

Heap address: 0x0000000081a00000, size: 2022 MB, Compressed Oops mode: 32-bit

CDS archive(s) mapped at: [0x000001f947000000-0x000001f947c80000-0x000001f947c80000), size 13107200, SharedBaseAddress: 0x000001f947000000, ArchiveRelocationMode: 1.
Compressed class space mapped at: 0x000001f948000000-0x000001f988000000, reserved size: 1073741824
Narrow klass base: 0x000001f947000000, Narrow klass shift: 0, Narrow klass range: 0x100000000

GC Precious Log:
 CardTable entry size: 512
 Card Set container configuration: InlinePtr #cards 5 size 8 Array Of Cards #cards 12 size 40 Howl #buckets 4 coarsen threshold 1843 Howl Bitmap #cards 512 size 80 coarsen threshold 460 Card regions per heap region 1 cards per card region 2048
 CPUs: 4 total, 4 available
 Memory: 8083M
 Large Page Support: Disabled
 NUMA Support: Disabled
 Compressed Oops: Enabled (32-bit)
 Heap Region Size: 1M
 Heap Min Capacity: 8M
 Heap Initial Capacity: 128M
 Heap Max Capacity: 2022M
 Pre-touch: Disabled
 Parallel Workers: 4
 Concurrent Workers: 1
 Concurrent Refinement Workers: 4
 Periodic GC: Disabled

Heap:
 garbage-first heap   total 131072K, used 33104K [0x0000000081a00000, 0x0000000100000000)
  region size 1024K, 27 young (27648K), 2 survivors (2048K)
 Metaspace       used 15583K, committed 16000K, reserved 1114112K
  class space    used 1753K, committed 1920K, reserved 1048576K

Heap Regions: E=young(eden), S=young(survivor), O=old, HS=humongous(starts), HC=humongous(continues), CS=collection set, F=free, TAMS=top-at-mark-start, PB=parsable bottom
|   0|0x0000000081a00000, 0x0000000081b00000, 0x0000000081b00000|100%|HS|  |TAMS 0x0000000081a00000| PB 0x0000000081a00000| Complete 
|   1|0x0000000081b00000, 0x0000000081c00000, 0x0000000081c00000|100%|HS|  |TAMS 0x0000000081b00000| PB 0x0000000081b00000| Complete 
|   2|0x0000000081c00000, 0x0000000081d00000, 0x0000000081d00000|100%| O|  |TAMS 0x0000000081c00000| PB 0x0000000081c00000| Untracked 
|   3|0x0000000081d00000, 0x0000000081e00000, 0x0000000081e00000|100%| O|  |TAMS 0x0000000081d00000| PB 0x0000000081d00000| Untracked 
|   4|0x0000000081e00000, 0x0000000081f00000, 0x0000000081f00000|100%| O|  |TAMS 0x0000000081e00000| PB 0x0000000081e00000| Untracked 
|   5|0x0000000081f00000, 0x0000000082000000, 0x0000000082000000|100%| O|  |TAMS 0x0000000081f00000| PB 0x0000000081f00000| Untracked 
|   6|0x0000000082000000, 0x0000000082100000, 0x0000000082100000|100%| O|  |TAMS 0x0000000082000000| PB 0x0000000082000000| Untracked 
|   7|0x0000000082100000, 0x0000000082200000, 0x0000000082200000|100%| O|  |TAMS 0x0000000082100000| PB 0x0000000082100000| Untracked 
|   8|0x0000000082200000, 0x0000000082244540, 0x0000000082300000| 26%| O|  |TAMS 0x0000000082200000| PB 0x0000000082200000| Untracked 
|   9|0x0000000082300000, 0x0000000082300000, 0x0000000082400000|  0%| F|  |TAMS 0x0000000082300000| PB 0x0000000082300000| Untracked 
|  10|0x0000000082400000, 0x0000000082400000, 0x0000000082500000|  0%| F|  |TAMS 0x0000000082400000| PB 0x0000000082400000| Untracked 
|  11|0x0000000082500000, 0x0000000082500000, 0x0000000082600000|  0%| F|  |TAMS 0x0000000082500000| PB 0x0000000082500000| Untracked 
|  12|0x0000000082600000, 0x0000000082600000, 0x0000000082700000|  0%| F|  |TAMS 0x0000000082600000| PB 0x0000000082600000| Untracked 
|  13|0x0000000082700000, 0x0000000082700000, 0x0000000082800000|  0%| F|  |TAMS 0x0000000082700000| PB 0x0000000082700000| Untracked 
|  14|0x0000000082800000, 0x0000000082800000, 0x0000000082900000|  0%| F|  |TAMS 0x0000000082800000| PB 0x0000000082800000| Untracked 
|  15|0x0000000082900000, 0x0000000082900000, 0x0000000082a00000|  0%| F|  |TAMS 0x0000000082900000| PB 0x0000000082900000| Untracked 
|  16|0x0000000082a00000, 0x0000000082a00000, 0x0000000082b00000|  0%| F|  |TAMS 0x0000000082a00000| PB 0x0000000082a00000| Untracked 
|  17|0x0000000082b00000, 0x0000000082b00000, 0x0000000082c00000|  0%| F|  |TAMS 0x0000000082b00000| PB 0x0000000082b00000| Untracked 
|  18|0x0000000082c00000, 0x0000000082c00000, 0x0000000082d00000|  0%| F|  |TAMS 0x0000000082c00000| PB 0x0000000082c00000| Untracked 
|  19|0x0000000082d00000, 0x0000000082d00000, 0x0000000082e00000|  0%| F|  |TAMS 0x0000000082d00000| PB 0x0000000082d00000| Untracked 
|  20|0x0000000082e00000, 0x0000000082e00000, 0x0000000082f00000|  0%| F|  |TAMS 0x0000000082e00000| PB 0x0000000082e00000| Untracked 
|  21|0x0000000082f00000, 0x0000000082f00000, 0x0000000083000000|  0%| F|  |TAMS 0x0000000082f00000| PB 0x0000000082f00000| Untracked 
|  22|0x0000000083000000, 0x0000000083000000, 0x0000000083100000|  0%| F|  |TAMS 0x0000000083000000| PB 0x0000000083000000| Untracked 
|  23|0x0000000083100000, 0x0000000083100000, 0x0000000083200000|  0%| F|  |TAMS 0x0000000083100000| PB 0x0000000083100000| Untracked 
|  24|0x0000000083200000, 0x0000000083200000, 0x0000000083300000|  0%| F|  |TAMS 0x0000000083200000| PB 0x0000000083200000| Untracked 
|  25|0x0000000083300000, 0x0000000083300000, 0x0000000083400000|  0%| F|  |TAMS 0x0000000083300000| PB 0x0000000083300000| Untracked 
|  26|0x0000000083400000, 0x0000000083400000, 0x0000000083500000|  0%| F|  |TAMS 0x0000000083400000| PB 0x0000000083400000| Untracked 
|  27|0x0000000083500000, 0x0000000083500000, 0x0000000083600000|  0%| F|  |TAMS 0x0000000083500000| PB 0x0000000083500000| Untracked 
|  28|0x0000000083600000, 0x0000000083600000, 0x0000000083700000|  0%| F|  |TAMS 0x0000000083600000| PB 0x0000000083600000| Untracked 
|  29|0x0000000083700000, 0x0000000083700000, 0x0000000083800000|  0%| F|  |TAMS 0x0000000083700000| PB 0x0000000083700000| Untracked 
|  30|0x0000000083800000, 0x0000000083800000, 0x0000000083900000|  0%| F|  |TAMS 0x0000000083800000| PB 0x0000000083800000| Untracked 
|  31|0x0000000083900000, 0x0000000083900000, 0x0000000083a00000|  0%| F|  |TAMS 0x0000000083900000| PB 0x0000000083900000| Untracked 
|  32|0x0000000083a00000, 0x0000000083a00000, 0x0000000083b00000|  0%| F|  |TAMS 0x0000000083a00000| PB 0x0000000083a00000| Untracked 
|  33|0x0000000083b00000, 0x0000000083b00000, 0x0000000083c00000|  0%| F|  |TAMS 0x0000000083b00000| PB 0x0000000083b00000| Untracked 
|  34|0x0000000083c00000, 0x0000000083c00000, 0x0000000083d00000|  0%| F|  |TAMS 0x0000000083c00000| PB 0x0000000083c00000| Untracked 
|  35|0x0000000083d00000, 0x0000000083d00000, 0x0000000083e00000|  0%| F|  |TAMS 0x0000000083d00000| PB 0x0000000083d00000| Untracked 
|  36|0x0000000083e00000, 0x0000000083e00000, 0x0000000083f00000|  0%| F|  |TAMS 0x0000000083e00000| PB 0x0000000083e00000| Untracked 
|  37|0x0000000083f00000, 0x0000000083f00000, 0x0000000084000000|  0%| F|  |TAMS 0x0000000083f00000| PB 0x0000000083f00000| Untracked 
|  38|0x0000000084000000, 0x0000000084000000, 0x0000000084100000|  0%| F|  |TAMS 0x0000000084000000| PB 0x0000000084000000| Untracked 
|  39|0x0000000084100000, 0x0000000084100000, 0x0000000084200000|  0%| F|  |TAMS 0x0000000084100000| PB 0x0000000084100000| Untracked 
|  40|0x0000000084200000, 0x0000000084200000, 0x0000000084300000|  0%| F|  |TAMS 0x0000000084200000| PB 0x0000000084200000| Untracked 
|  41|0x0000000084300000, 0x0000000084300000, 0x0000000084400000|  0%| F|  |TAMS 0x0000000084300000| PB 0x0000000084300000| Untracked 
|  42|0x0000000084400000, 0x0000000084400000, 0x0000000084500000|  0%| F|  |TAMS 0x0000000084400000| PB 0x0000000084400000| Untracked 
|  43|0x0000000084500000, 0x0000000084500000, 0x0000000084600000|  0%| F|  |TAMS 0x0000000084500000| PB 0x0000000084500000| Untracked 
|  44|0x0000000084600000, 0x0000000084600000, 0x0000000084700000|  0%| F|  |TAMS 0x0000000084600000| PB 0x0000000084600000| Untracked 
|  45|0x0000000084700000, 0x0000000084700000, 0x0000000084800000|  0%| F|  |TAMS 0x0000000084700000| PB 0x0000000084700000| Untracked 
|  46|0x0000000084800000, 0x0000000084800000, 0x0000000084900000|  0%| F|  |TAMS 0x0000000084800000| PB 0x0000000084800000| Untracked 
|  47|0x0000000084900000, 0x0000000084900000, 0x0000000084a00000|  0%| F|  |TAMS 0x0000000084900000| PB 0x0000000084900000| Untracked 
|  48|0x0000000084a00000, 0x0000000084a00000, 0x0000000084b00000|  0%| F|  |TAMS 0x0000000084a00000| PB 0x0000000084a00000| Untracked 
|  49|0x0000000084b00000, 0x0000000084b00000, 0x0000000084c00000|  0%| F|  |TAMS 0x0000000084b00000| PB 0x0000000084b00000| Untracked 
|  50|0x0000000084c00000, 0x0000000084c00000, 0x0000000084d00000|  0%| F|  |TAMS 0x0000000084c00000| PB 0x0000000084c00000| Untracked 
|  51|0x0000000084d00000, 0x0000000084d00000, 0x0000000084e00000|  0%| F|  |TAMS 0x0000000084d00000| PB 0x0000000084d00000| Untracked 
|  52|0x0000000084e00000, 0x0000000084e00000, 0x0000000084f00000|  0%| F|  |TAMS 0x0000000084e00000| PB 0x0000000084e00000| Untracked 
|  53|0x0000000084f00000, 0x0000000084f00000, 0x0000000085000000|  0%| F|  |TAMS 0x0000000084f00000| PB 0x0000000084f00000| Untracked 
|  54|0x0000000085000000, 0x0000000085000000, 0x0000000085100000|  0%| F|  |TAMS 0x0000000085000000| PB 0x0000000085000000| Untracked 
|  55|0x0000000085100000, 0x0000000085100000, 0x0000000085200000|  0%| F|  |TAMS 0x0000000085100000| PB 0x0000000085100000| Untracked 
|  56|0x0000000085200000, 0x0000000085200000, 0x0000000085300000|  0%| F|  |TAMS 0x0000000085200000| PB 0x0000000085200000| Untracked 
|  57|0x0000000085300000, 0x0000000085300000, 0x0000000085400000|  0%| F|  |TAMS 0x0000000085300000| PB 0x0000000085300000| Untracked 
|  58|0x0000000085400000, 0x0000000085400000, 0x0000000085500000|  0%| F|  |TAMS 0x0000000085400000| PB 0x0000000085400000| Untracked 
|  59|0x0000000085500000, 0x0000000085500000, 0x0000000085600000|  0%| F|  |TAMS 0x0000000085500000| PB 0x0000000085500000| Untracked 
|  60|0x0000000085600000, 0x0000000085600000, 0x0000000085700000|  0%| F|  |TAMS 0x0000000085600000| PB 0x0000000085600000| Untracked 
|  61|0x0000000085700000, 0x0000000085700000, 0x0000000085800000|  0%| F|  |TAMS 0x0000000085700000| PB 0x0000000085700000| Untracked 
|  62|0x0000000085800000, 0x0000000085800000, 0x0000000085900000|  0%| F|  |TAMS 0x0000000085800000| PB 0x0000000085800000| Untracked 
|  63|0x0000000085900000, 0x0000000085900000, 0x0000000085a00000|  0%| F|  |TAMS 0x0000000085900000| PB 0x0000000085900000| Untracked 
|  64|0x0000000085a00000, 0x0000000085a00000, 0x0000000085b00000|  0%| F|  |TAMS 0x0000000085a00000| PB 0x0000000085a00000| Untracked 
|  65|0x0000000085b00000, 0x0000000085b00000, 0x0000000085c00000|  0%| F|  |TAMS 0x0000000085b00000| PB 0x0000000085b00000| Untracked 
|  66|0x0000000085c00000, 0x0000000085c00000, 0x0000000085d00000|  0%| F|  |TAMS 0x0000000085c00000| PB 0x0000000085c00000| Untracked 
|  67|0x0000000085d00000, 0x0000000085d00000, 0x0000000085e00000|  0%| F|  |TAMS 0x0000000085d00000| PB 0x0000000085d00000| Untracked 
|  68|0x0000000085e00000, 0x0000000085e00000, 0x0000000085f00000|  0%| F|  |TAMS 0x0000000085e00000| PB 0x0000000085e00000| Untracked 
|  69|0x0000000085f00000, 0x0000000085f00000, 0x0000000086000000|  0%| F|  |TAMS 0x0000000085f00000| PB 0x0000000085f00000| Untracked 
|  70|0x0000000086000000, 0x0000000086000000, 0x0000000086100000|  0%| F|  |TAMS 0x0000000086000000| PB 0x0000000086000000| Untracked 
|  71|0x0000000086100000, 0x0000000086100000, 0x0000000086200000|  0%| F|  |TAMS 0x0000000086100000| PB 0x0000000086100000| Untracked 
|  72|0x0000000086200000, 0x0000000086200000, 0x0000000086300000|  0%| F|  |TAMS 0x0000000086200000| PB 0x0000000086200000| Untracked 
|  73|0x0000000086300000, 0x0000000086300000, 0x0000000086400000|  0%| F|  |TAMS 0x0000000086300000| PB 0x0000000086300000| Untracked 
|  74|0x0000000086400000, 0x0000000086400000, 0x0000000086500000|  0%| F|  |TAMS 0x0000000086400000| PB 0x0000000086400000| Untracked 
|  75|0x0000000086500000, 0x0000000086500000, 0x0000000086600000|  0%| F|  |TAMS 0x0000000086500000| PB 0x0000000086500000| Untracked 
|  76|0x0000000086600000, 0x0000000086600000, 0x0000000086700000|  0%| F|  |TAMS 0x0000000086600000| PB 0x0000000086600000| Untracked 
|  77|0x0000000086700000, 0x0000000086700000, 0x0000000086800000|  0%| F|  |TAMS 0x0000000086700000| PB 0x0000000086700000| Untracked 
|  78|0x0000000086800000, 0x0000000086800000, 0x0000000086900000|  0%| F|  |TAMS 0x0000000086800000| PB 0x0000000086800000| Untracked 
|  79|0x0000000086900000, 0x0000000086900000, 0x0000000086a00000|  0%| F|  |TAMS 0x0000000086900000| PB 0x0000000086900000| Untracked 
|  80|0x0000000086a00000, 0x0000000086a00000, 0x0000000086b00000|  0%| F|  |TAMS 0x0000000086a00000| PB 0x0000000086a00000| Untracked 
|  81|0x0000000086b00000, 0x0000000086b00000, 0x0000000086c00000|  0%| F|  |TAMS 0x0000000086b00000| PB 0x0000000086b00000| Untracked 
|  82|0x0000000086c00000, 0x0000000086c00000, 0x0000000086d00000|  0%| F|  |TAMS 0x0000000086c00000| PB 0x0000000086c00000| Untracked 
|  83|0x0000000086d00000, 0x0000000086d00000, 0x0000000086e00000|  0%| F|  |TAMS 0x0000000086d00000| PB 0x0000000086d00000| Untracked 
|  84|0x0000000086e00000, 0x0000000086e00000, 0x0000000086f00000|  0%| F|  |TAMS 0x0000000086e00000| PB 0x0000000086e00000| Untracked 
|  85|0x0000000086f00000, 0x0000000086f00000, 0x0000000087000000|  0%| F|  |TAMS 0x0000000086f00000| PB 0x0000000086f00000| Untracked 
|  86|0x0000000087000000, 0x0000000087000000, 0x0000000087100000|  0%| F|  |TAMS 0x0000000087000000| PB 0x0000000087000000| Untracked 
|  87|0x0000000087100000, 0x0000000087100000, 0x0000000087200000|  0%| F|  |TAMS 0x0000000087100000| PB 0x0000000087100000| Untracked 
|  88|0x0000000087200000, 0x0000000087200000, 0x0000000087300000|  0%| F|  |TAMS 0x0000000087200000| PB 0x0000000087200000| Untracked 
|  89|0x0000000087300000, 0x0000000087300000, 0x0000000087400000|  0%| F|  |TAMS 0x0000000087300000| PB 0x0000000087300000| Untracked 
|  90|0x0000000087400000, 0x0000000087400000, 0x0000000087500000|  0%| F|  |TAMS 0x0000000087400000| PB 0x0000000087400000| Untracked 
|  91|0x0000000087500000, 0x0000000087500000, 0x0000000087600000|  0%| F|  |TAMS 0x0000000087500000| PB 0x0000000087500000| Untracked 
|  92|0x0000000087600000, 0x0000000087600000, 0x0000000087700000|  0%| F|  |TAMS 0x0000000087600000| PB 0x0000000087600000| Untracked 
|  93|0x0000000087700000, 0x0000000087700000, 0x0000000087800000|  0%| F|  |TAMS 0x0000000087700000| PB 0x0000000087700000| Untracked 
|  94|0x0000000087800000, 0x0000000087800000, 0x0000000087900000|  0%| F|  |TAMS 0x0000000087800000| PB 0x0000000087800000| Untracked 
|  95|0x0000000087900000, 0x0000000087900000, 0x0000000087a00000|  0%| F|  |TAMS 0x0000000087900000| PB 0x0000000087900000| Untracked 
|  96|0x0000000087a00000, 0x0000000087a00000, 0x0000000087b00000|  0%| F|  |TAMS 0x0000000087a00000| PB 0x0000000087a00000| Untracked 
|  97|0x0000000087b00000, 0x0000000087b00000, 0x0000000087c00000|  0%| F|  |TAMS 0x0000000087b00000| PB 0x0000000087b00000| Untracked 
|  98|0x0000000087c00000, 0x0000000087c00000, 0x0000000087d00000|  0%| F|  |TAMS 0x0000000087c00000| PB 0x0000000087c00000| Untracked 
|  99|0x0000000087d00000, 0x0000000087d00000, 0x0000000087e00000|  0%| F|  |TAMS 0x0000000087d00000| PB 0x0000000087d00000| Untracked 
| 100|0x0000000087e00000, 0x0000000087e00000, 0x0000000087f00000|  0%| F|  |TAMS 0x0000000087e00000| PB 0x0000000087e00000| Untracked 
| 101|0x0000000087f00000, 0x0000000087fcd458, 0x0000000088000000| 80%| E|  |TAMS 0x0000000087f00000| PB 0x0000000087f00000| Complete 
| 102|0x0000000088000000, 0x0000000088100000, 0x0000000088100000|100%| E|CS|TAMS 0x0000000088000000| PB 0x0000000088000000| Complete 
| 103|0x0000000088100000, 0x0000000088200000, 0x0000000088200000|100%| E|CS|TAMS 0x0000000088100000| PB 0x0000000088100000| Complete 
| 104|0x0000000088200000, 0x0000000088300000, 0x0000000088300000|100%| E|  |TAMS 0x0000000088200000| PB 0x0000000088200000| Complete 
| 105|0x0000000088300000, 0x0000000088400000, 0x0000000088400000|100%| E|CS|TAMS 0x0000000088300000| PB 0x0000000088300000| Complete 
| 106|0x0000000088400000, 0x0000000088500000, 0x0000000088500000|100%| E|CS|TAMS 0x0000000088400000| PB 0x0000000088400000| Complete 
| 107|0x0000000088500000, 0x0000000088600000, 0x0000000088600000|100%| E|CS|TAMS 0x0000000088500000| PB 0x0000000088500000| Complete 
| 108|0x0000000088600000, 0x0000000088700000, 0x0000000088700000|100%| E|CS|TAMS 0x0000000088600000| PB 0x0000000088600000| Complete 
| 109|0x0000000088700000, 0x0000000088800000, 0x0000000088800000|100%| E|CS|TAMS 0x0000000088700000| PB 0x0000000088700000| Complete 
| 110|0x0000000088800000, 0x0000000088900000, 0x0000000088900000|100%| E|CS|TAMS 0x0000000088800000| PB 0x0000000088800000| Complete 
| 111|0x0000000088900000, 0x0000000088a00000, 0x0000000088a00000|100%| E|CS|TAMS 0x0000000088900000| PB 0x0000000088900000| Complete 
| 112|0x0000000088a00000, 0x0000000088b00000, 0x0000000088b00000|100%| E|CS|TAMS 0x0000000088a00000| PB 0x0000000088a00000| Complete 
| 113|0x0000000088b00000, 0x0000000088c00000, 0x0000000088c00000|100%| E|CS|TAMS 0x0000000088b00000| PB 0x0000000088b00000| Complete 
| 114|0x0000000088c00000, 0x0000000088d00000, 0x0000000088d00000|100%| E|CS|TAMS 0x0000000088c00000| PB 0x0000000088c00000| Complete 
| 115|0x0000000088d00000, 0x0000000088d0fcb8, 0x0000000088e00000|  6%| S|CS|TAMS 0x0000000088d00000| PB 0x0000000088d00000| Complete 
| 116|0x0000000088e00000, 0x0000000088f00000, 0x0000000088f00000|100%| S|CS|TAMS 0x0000000088e00000| PB 0x0000000088e00000| Complete 
| 117|0x0000000088f00000, 0x0000000089000000, 0x0000000089000000|100%| E|CS|TAMS 0x0000000088f00000| PB 0x0000000088f00000| Complete 
| 118|0x0000000089000000, 0x0000000089100000, 0x0000000089100000|100%| E|CS|TAMS 0x0000000089000000| PB 0x0000000089000000| Complete 
| 119|0x0000000089100000, 0x0000000089200000, 0x0000000089200000|100%| E|CS|TAMS 0x0000000089100000| PB 0x0000000089100000| Complete 
| 120|0x0000000089200000, 0x0000000089300000, 0x0000000089300000|100%| E|CS|TAMS 0x0000000089200000| PB 0x0000000089200000| Complete 
| 121|0x0000000089300000, 0x0000000089400000, 0x0000000089400000|100%| E|CS|TAMS 0x0000000089300000| PB 0x0000000089300000| Complete 
| 122|0x0000000089400000, 0x0000000089500000, 0x0000000089500000|100%| E|CS|TAMS 0x0000000089400000| PB 0x0000000089400000| Complete 
| 123|0x0000000089500000, 0x0000000089600000, 0x0000000089600000|100%| E|CS|TAMS 0x0000000089500000| PB 0x0000000089500000| Complete 
| 124|0x0000000089600000, 0x0000000089700000, 0x0000000089700000|100%| E|CS|TAMS 0x0000000089600000| PB 0x0000000089600000| Complete 
| 125|0x0000000089700000, 0x0000000089800000, 0x0000000089800000|100%| E|CS|TAMS 0x0000000089700000| PB 0x0000000089700000| Complete 
| 126|0x0000000089800000, 0x0000000089900000, 0x0000000089900000|100%| E|CS|TAMS 0x0000000089800000| PB 0x0000000089800000| Complete 
| 127|0x0000000089900000, 0x0000000089a00000, 0x0000000089a00000|100%| E|CS|TAMS 0x0000000089900000| PB 0x0000000089900000| Complete 

Card table byte_map: [0x000001f942580000,0x000001f942980000] _byte_map_base: 0x000001f942173000

Marking Bits: (CMBitMap*) 0x000001f92ab05f80
 Bits: [0x000001f942980000, 0x000001f944918000)

Polling page: 0x000001f9287d0000

Metaspace:

Usage:
  Non-class:     13.54 MB used.
      Class:      1.72 MB used.
       Both:     15.26 MB used.

Virtual space:
  Non-class space:       64.00 MB reserved,      13.75 MB ( 21%) committed,  1 nodes.
      Class space:        1.00 GB reserved,       1.88 MB ( <1%) committed,  1 nodes.
             Both:        1.06 GB reserved,      15.62 MB (  1%) committed. 

Chunk freelists:
   Non-Class:  2.20 MB
       Class:  14.11 MB
        Both:  16.31 MB

MaxMetaspaceSize: unlimited
CompressedClassSpaceSize: 1.00 GB
Initial GC threshold: 21.00 MB
Current GC threshold: 21.00 MB
CDS: on
 - commit_granule_bytes: 65536.
 - commit_granule_words: 8192.
 - virtual_space_node_default_size: 8388608.
 - enlarge_chunks_in_place: 1.
 - use_allocation_guard: 0.


Internal statistics:

num_allocs_failed_limit: 0.
num_arena_births: 380.
num_arena_deaths: 0.
num_vsnodes_births: 2.
num_vsnodes_deaths: 0.
num_space_committed: 250.
num_space_uncommitted: 0.
num_chunks_returned_to_freelist: 0.
num_chunks_taken_from_freelist: 729.
num_chunk_merges: 0.
num_chunk_splits: 419.
num_chunks_enlarged: 221.
num_inconsistent_stats: 0.

CodeHeap 'non-profiled nmethods': size=120000Kb used=770Kb max_used=770Kb free=119229Kb
 bounds [0x000001f93ac50000, 0x000001f93aec0000, 0x000001f942180000]
CodeHeap 'profiled nmethods': size=120000Kb used=3830Kb max_used=3830Kb free=116170Kb
 bounds [0x000001f933180000, 0x000001f933540000, 0x000001f93a6b0000]
CodeHeap 'non-nmethods': size=5760Kb used=1423Kb max_used=1447Kb free=4336Kb
 bounds [0x000001f93a6b0000, 0x000001f93a920000, 0x000001f93ac50000]
 total_blobs=2566 nmethods=2049 adapters=421
 compilation: enabled
              stopped_count=0, restarted_count=0
 full_count=0

Compilation events (20 events):
Event: 2.259 Thread 0x000001f98c028030 1991       3       org.springframework.util.ConcurrentReferenceHashMap$Segment::restructureIfNecessary (56 bytes)
Event: 2.260 Thread 0x000001f98c028030 nmethod 1991 0x000001f933521d90 code [0x000001f933521f80, 0x000001f933522460]
Event: 2.260 Thread 0x000001f98c028030 1992       3       org.springframework.util.ConcurrentReferenceHashMap$ReferenceManager::pollForPurge (11 bytes)
Event: 2.260 Thread 0x000001f98c028030 nmethod 1992 0x000001f933522610 code [0x000001f9335227c0, 0x000001f933522aa0]
Event: 2.261 Thread 0x000001f98c028030 1993       3       org.springframework.util.ConcurrentReferenceHashMap::get (37 bytes)
Event: 2.261 Thread 0x000001f98c028030 nmethod 1993 0x000001f933522b90 code [0x000001f933522d80, 0x000001f933523188]
Event: 2.261 Thread 0x000001f98c028030 1994       3       org.springframework.util.ConcurrentReferenceHashMap$Segment::getReference (55 bytes)
Event: 2.261 Thread 0x000001f98c028030 nmethod 1994 0x000001f933523310 code [0x000001f9335234e0, 0x000001f9335237c8]
Event: 2.262 Thread 0x000001f98c028030 1996       3       java.util.Collections$EmptyMap::values (4 bytes)
Event: 2.262 Thread 0x000001f98c028030 nmethod 1996 0x000001f933523990 code [0x000001f933523b40, 0x000001f933523cb0]
Event: 2.262 Thread 0x000001f98c028030 1995       1       java.util.Collections$EmptyIterator::hasNext (2 bytes)
Event: 2.262 Thread 0x000001f98c028030 nmethod 1995 0x000001f93ad0df90 code [0x000001f93ad0e120, 0x000001f93ad0e1e8]
Event: 2.264 Thread 0x000001f98c028030 1999       3       java.util.stream.Sink$ChainedReference::cancellationRequested (10 bytes)
Event: 2.265 Thread 0x000001f98c028030 nmethod 1999 0x000001f933523d90 code [0x000001f933523f40, 0x000001f933524118]
Event: 2.265 Thread 0x000001f98c028030 2000       3       java.util.stream.StreamOpFlag::isKnown (19 bytes)
Event: 2.265 Thread 0x000001f98c028030 nmethod 2000 0x000001f933524210 code [0x000001f9335243a0, 0x000001f933524508]
Event: 2.265 Thread 0x000001f98c028030 2001       3       java.util.ArrayList$ArrayListSpliterator::getFence (35 bytes)
Event: 2.265 Thread 0x000001f98c028030 nmethod 2001 0x000001f933524590 code [0x000001f933524720, 0x000001f933524870]
Event: 2.265 Thread 0x000001f98c028030 2002       1       java.util.stream.MatchOps$BooleanTerminalSink::cancellationRequested (5 bytes)
Event: 2.265 Thread 0x000001f98c028030 nmethod 2002 0x000001f93ad0e590 code [0x000001f93ad0e720, 0x000001f93ad0e7f0]

GC Heap History (4 events):
Event: 0.777 GC heap before
{Heap before GC invocations=0 (full 0):
 garbage-first heap   total 131072K, used 14336K [0x0000000081a00000, 0x0000000100000000)
  region size 1024K, 13 young (13312K), 0 survivors (0K)
 Metaspace       used 4653K, committed 4800K, reserved 1114112K
  class space    used 378K, committed 448K, reserved 1048576K
}
Event: 0.785 GC heap after
{Heap after GC invocations=1 (full 0):
 garbage-first heap   total 131072K, used 8362K [0x0000000081a00000, 0x0000000100000000)
  region size 1024K, 2 young (2048K), 2 survivors (2048K)
 Metaspace       used 4653K, committed 4800K, reserved 1114112K
  class space    used 378K, committed 448K, reserved 1048576K
}
Event: 1.181 GC heap before
{Heap before GC invocations=1 (full 0):
 garbage-first heap   total 131072K, used 19626K [0x0000000081a00000, 0x0000000100000000)
  region size 1024K, 13 young (13312K), 2 survivors (2048K)
 Metaspace       used 9250K, committed 9408K, reserved 1114112K
  class space    used 902K, committed 960K, reserved 1048576K
}
Event: 1.186 GC heap after
{Heap after GC invocations=2 (full 0):
 garbage-first heap   total 131072K, used 9552K [0x0000000081a00000, 0x0000000100000000)
  region size 1024K, 2 young (2048K), 2 survivors (2048K)
 Metaspace       used 9250K, committed 9408K, reserved 1114112K
  class space    used 902K, committed 960K, reserved 1048576K
}

Dll operation events (11 events):
Event: 0.025 Loaded shared library C:\Users\Dell\.jdks\corretto-21.0.6\bin\java.dll
Event: 0.028 Loaded shared library C:\Users\Dell\.jdks\corretto-21.0.6\bin\zip.dll
Event: 0.109 Loaded shared library C:\Users\Dell\.jdks\corretto-21.0.6\bin\jsvml.dll
Event: 0.359 Loaded shared library C:\Users\Dell\.jdks\corretto-21.0.6\bin\instrument.dll
Event: 0.366 Loaded shared library C:\Users\Dell\.jdks\corretto-21.0.6\bin\net.dll
Event: 0.368 Loaded shared library C:\Users\Dell\.jdks\corretto-21.0.6\bin\nio.dll
Event: 0.374 Loaded shared library C:\Users\Dell\.jdks\corretto-21.0.6\bin\zip.dll
Event: 0.452 Loaded shared library C:\Users\Dell\.jdks\corretto-21.0.6\bin\extnet.dll
Event: 0.485 Loaded shared library C:\Users\Dell\.jdks\corretto-21.0.6\bin\jimage.dll
Event: 0.774 Loaded shared library C:\Users\Dell\.jdks\corretto-21.0.6\bin\management.dll
Event: 0.811 Loaded shared library C:\Users\Dell\.jdks\corretto-21.0.6\bin\management_ext.dll

Deoptimization events (20 events):
Event: 2.036 Thread 0x000001f92881d900 DEOPT PACKING pc=0x000001f9334ea1bd sp=0x00000047f09fc170
Event: 2.036 Thread 0x000001f92881d900 DEOPT UNPACKING pc=0x000001f93a704e42 sp=0x00000047f09fb678 mode 0
Event: 2.118 Thread 0x000001f92881d900 DEOPT PACKING pc=0x000001f9334ea1bd sp=0x00000047f09fc230
Event: 2.118 Thread 0x000001f92881d900 DEOPT UNPACKING pc=0x000001f93a704e42 sp=0x00000047f09fb738 mode 0
Event: 2.140 Thread 0x000001f92881d900 Uncommon trap: trap_request=0xffffffde fr.pc=0x000001f93ac60ee0 relative=0x00000000000001c0
Event: 2.140 Thread 0x000001f92881d900 Uncommon trap: reason=class_check action=maybe_recompile pc=0x000001f93ac60ee0 method=java.lang.String.equals(Ljava/lang/Object;)Z @ 8 c2
Event: 2.140 Thread 0x000001f92881d900 DEOPT PACKING pc=0x000001f93ac60ee0 sp=0x00000047f09fd1b0
Event: 2.140 Thread 0x000001f92881d900 DEOPT UNPACKING pc=0x000001f93a7046a2 sp=0x00000047f09fd148 mode 2
Event: 2.148 Thread 0x000001f92881d900 Uncommon trap: trap_request=0xffffffde fr.pc=0x000001f93ac60ee0 relative=0x00000000000001c0
Event: 2.148 Thread 0x000001f92881d900 Uncommon trap: reason=class_check action=maybe_recompile pc=0x000001f93ac60ee0 method=java.lang.String.equals(Ljava/lang/Object;)Z @ 8 c2
Event: 2.148 Thread 0x000001f92881d900 DEOPT PACKING pc=0x000001f93ac60ee0 sp=0x00000047f09fd1b0
Event: 2.148 Thread 0x000001f92881d900 DEOPT UNPACKING pc=0x000001f93a7046a2 sp=0x00000047f09fd148 mode 2
Event: 2.148 Thread 0x000001f92881d900 Uncommon trap: trap_request=0xffffffde fr.pc=0x000001f93ac60ee0 relative=0x00000000000001c0
Event: 2.148 Thread 0x000001f92881d900 Uncommon trap: reason=class_check action=maybe_recompile pc=0x000001f93ac60ee0 method=java.lang.String.equals(Ljava/lang/Object;)Z @ 8 c2
Event: 2.148 Thread 0x000001f92881d900 DEOPT PACKING pc=0x000001f93ac60ee0 sp=0x00000047f09fd1b0
Event: 2.148 Thread 0x000001f92881d900 DEOPT UNPACKING pc=0x000001f93a7046a2 sp=0x00000047f09fd148 mode 2
Event: 2.155 Thread 0x000001f92881d900 Uncommon trap: trap_request=0xffffffde fr.pc=0x000001f93ac60ee0 relative=0x00000000000001c0
Event: 2.155 Thread 0x000001f92881d900 Uncommon trap: reason=class_check action=maybe_recompile pc=0x000001f93ac60ee0 method=java.lang.String.equals(Ljava/lang/Object;)Z @ 8 c2
Event: 2.155 Thread 0x000001f92881d900 DEOPT PACKING pc=0x000001f93ac60ee0 sp=0x00000047f09fd0c0
Event: 2.155 Thread 0x000001f92881d900 DEOPT UNPACKING pc=0x000001f93a7046a2 sp=0x00000047f09fd058 mode 2

Classes loaded (20 events):
Event: 2.253 Loading class java/lang/FunctionalInterface
Event: 2.253 Loading class java/lang/FunctionalInterface done
Event: 2.258 Loading class org/springframework/core/DecoratingProxy
Event: 2.258 Loading class org/springframework/core/DecoratingProxy done
Event: 2.262 Loading class org/springframework/test/context/ContextCustomizerFactory
Event: 2.262 Loading class org/springframework/test/context/ContextCustomizerFactory done
Event: 2.262 Loading class org/springframework/test/context/ContextCustomizerFactory
Event: 2.262 Loading class org/springframework/test/context/ContextCustomizerFactory done
Event: 2.265 Loading class org/springframework/context/annotation/Import
Event: 2.265 Loading class org/springframework/context/annotation/Import done
Event: 2.266 Loading class org/springframework/boot/test/context/filter/ExcludeFilterContextCustomizer
Event: 2.266 Loading class org/springframework/boot/test/context/filter/ExcludeFilterContextCustomizer done
Event: 2.267 Loading class org/springframework/test/web/reactive/server/WebTestClient
Event: 2.267 Loading class org/springframework/test/web/reactive/server/WebTestClient done
Event: 2.269 Loading class org/springframework/graphql/test/tester/HttpGraphQlTester
Event: 2.269 Loading class org/springframework/graphql/test/tester/HttpGraphQlTester done
Event: 2.270 Loading class org/springframework/boot/test/json/DuplicateJsonObjectContextCustomizerFactory$DuplicateJsonObjectContextCustomizer
Event: 2.270 Loading class org/springframework/boot/test/json/DuplicateJsonObjectContextCustomizerFactory$DuplicateJsonObjectContextCustomizer done
Event: 2.271 Loading class org/springframework/boot/test/mock/mockito/DefinitionsParser
Event: 2.271 Loading class org/springframework/boot/test/mock/mockito/DefinitionsParser done

Classes unloaded (0 events):
No events

Classes redefined (1 events):
Event: 0.469 Thread 0x000001f946ddf6c0 redefined class name=java.lang.Throwable, count=1

Internal exceptions (20 events):
Event: 1.505 Thread 0x000001f92881d900 Exception <a 'java/lang/IncompatibleClassChangeError'{0x0000000089179368}: Found class java.lang.Object, but interface was expected> (0x0000000089179368) 
thrown [s\src\hotspot\share\interpreter\linkResolver.cpp, line 840]
Event: 1.520 Thread 0x000001f92881d900 Exception <a 'java/lang/NoSuchMethodError'{0x00000000891b9810}: 'void java.lang.invoke.DirectMethodHandle$Holder.invokeInterface(java.lang.Object, java.lang.Object, java.lang.Object)'> (0x00000000891b9810) 
thrown [s\src\hotspot\share\interpreter\linkResolver.cpp, line 773]
Event: 1.520 Thread 0x000001f92881d900 Exception <a 'java/lang/IncompatibleClassChangeError'{0x00000000891bcbe0}: Found class java.lang.Object, but interface was expected> (0x00000000891bcbe0) 
thrown [s\src\hotspot\share\interpreter\linkResolver.cpp, line 840]
Event: 1.529 Thread 0x000001f92881d900 Exception <a 'java/lang/NoSuchMethodError'{0x00000000891daaa8}: 'java.lang.Object java.lang.invoke.DirectMethodHandle$Holder.invokeStatic(java.lang.Object, java.lang.Object, int)'> (0x00000000891daaa8) 
thrown [s\src\hotspot\share\interpreter\linkResolver.cpp, line 773]
Event: 1.545 Thread 0x000001f92881d900 Exception <a 'java/lang/NoSuchMethodError'{0x000000008902cb98}: 'void java.lang.invoke.DirectMethodHandle$Holder.invokeSpecial(java.lang.Object, java.lang.Object, java.lang.Object, java.lang.Object, java.lang.Object)'> (0x000000008902cb98) 
thrown [s\src\hotspot\share\interpreter\linkResolver.cpp, line 773]
Event: 1.566 Thread 0x000001f92881d900 Exception <a 'java/lang/NoSuchMethodError'{0x0000000089087b88}: 'void java.lang.invoke.DirectMethodHandle$Holder.invokeInterface(java.lang.Object, java.lang.Object, java.lang.Object, java.lang.Object)'> (0x0000000089087b88) 
thrown [s\src\hotspot\share\interpreter\linkResolver.cpp, line 773]
Event: 1.567 Thread 0x000001f92881d900 Exception <a 'java/lang/IncompatibleClassChangeError'{0x000000008908b278}: Found class java.lang.Object, but interface was expected> (0x000000008908b278) 
thrown [s\src\hotspot\share\interpreter\linkResolver.cpp, line 840]
Event: 1.574 Thread 0x000001f92881d900 Exception <a 'java/lang/NoSuchMethodError'{0x00000000890a8230}: 'void java.lang.invoke.DirectMethodHandle$Holder.invokeStatic(java.lang.Object, java.lang.Object, java.lang.Object, java.lang.Object)'> (0x00000000890a8230) 
thrown [s\src\hotspot\share\interpreter\linkResolver.cpp, line 773]
Event: 1.581 Thread 0x000001f92881d900 Exception <a 'java/lang/NoSuchMethodError'{0x00000000890c7738}: 'java.lang.Object java.lang.invoke.DirectMethodHandle$Holder.newInvokeSpecial(java.lang.Object, java.lang.Object, int)'> (0x00000000890c7738) 
thrown [s\src\hotspot\share\interpreter\linkResolver.cpp, line 773]
Event: 1.609 Thread 0x000001f92881d900 Exception <a 'java/lang/NoSuchMethodError'{0x0000000088f7c838}: 'int java.lang.invoke.DirectMethodHandle$Holder.invokeSpecialIFC(java.lang.Object, java.lang.Object, java.lang.Object, java.lang.Object, java.lang.Object)'> (0x0000000088f7c838) 
thrown [s\src\hotspot\share\interpreter\linkResolver.cpp, line 773]
Event: 1.610 Thread 0x000001f92881d900 Exception <a 'java/lang/NoSuchMethodError'{0x0000000088f83580}: 'int java.lang.invoke.DirectMethodHandle$Holder.invokeStatic(java.lang.Object, java.lang.Object, java.lang.Object, java.lang.Object, java.lang.Object)'> (0x0000000088f83580) 
thrown [s\src\hotspot\share\interpreter\linkResolver.cpp, line 773]
Event: 1.625 Thread 0x000001f92881d900 Exception <a 'java/lang/NoSuchMethodError'{0x0000000088fd0328}: 'void java.lang.invoke.DirectMethodHandle$Holder.invokeStaticInit(java.lang.Object)'> (0x0000000088fd0328) 
thrown [s\src\hotspot\share\interpreter\linkResolver.cpp, line 773]
Event: 1.653 Thread 0x000001f92881d900 Exception <a 'java/lang/NoSuchMethodError'{0x0000000088caf468}: 'void java.lang.invoke.DirectMethodHandle$Holder.invokeStaticInit(java.lang.Object, java.lang.Object, java.lang.Object, java.lang.Object)'> (0x0000000088caf468) 
thrown [s\src\hotspot\share\interpreter\linkResolver.cpp, line 773]
Event: 1.673 Thread 0x000001f92881d900 Exception <a 'java/lang/NoSuchMethodError'{0x0000000088b295d0}: 'int java.lang.invoke.DirectMethodHandle$Holder.invokeStaticInit(java.lang.Object, java.lang.Object)'> (0x0000000088b295d0) 
thrown [s\src\hotspot\share\interpreter\linkResolver.cpp, line 773]
Event: 1.877 Thread 0x000001f92881d900 Exception <a 'java/lang/NoSuchMethodError'{0x00000000888dc0b0}: 'java.lang.Object java.lang.invoke.DirectMethodHandle$Holder.invokeSpecial(java.lang.Object, java.lang.Object, java.lang.Object, long, java.lang.Object)'> (0x00000000888dc0b0) 
thrown [s\src\hotspot\share\interpreter\linkResolver.cpp, line 773]
Event: 1.877 Thread 0x000001f92881d900 Exception <a 'java/lang/NoSuchMethodError'{0x00000000888dfcf0}: 'java.lang.Object java.lang.invoke.Invokers$Holder.linkToTargetMethod(java.lang.Object, long, java.lang.Object, java.lang.Object)'> (0x00000000888dfcf0) 
thrown [s\src\hotspot\share\interpreter\linkResolver.cpp, line 773]
Event: 1.906 Thread 0x000001f92881d900 Implicit null exception at 0x000001f93ac7d766 to 0x000001f93ac7d812
Event: 2.111 Thread 0x000001f92881d900 Exception <a 'java/lang/NoSuchMethodError'{0x0000000088313e10}: 'int java.lang.invoke.DirectMethodHandle$Holder.invokeStaticInit(java.lang.Object, java.lang.Object, java.lang.Object)'> (0x0000000088313e10) 
thrown [s\src\hotspot\share\interpreter\linkResolver.cpp, line 773]
Event: 2.200 Thread 0x000001f92881d900 Exception <a 'java/lang/NoSuchMethodError'{0x00000000882fe468}: 'void java.lang.invoke.DirectMethodHandle$Holder.invokeStaticInit(java.lang.Object, java.lang.Object)'> (0x00000000882fe468) 
thrown [s\src\hotspot\share\interpreter\linkResolver.cpp, line 773]
Event: 2.263 Thread 0x000001f92881d900 Exception <a 'java/lang/NoSuchMethodError'{0x00000000881efd88}: 'int java.lang.invoke.DirectMethodHandle$Holder.invokeVirtual(java.lang.Object, java.lang.Object, java.lang.Object)'> (0x00000000881efd88) 
thrown [s\src\hotspot\share\interpreter\linkResolver.cpp, line 773]

ZGC Phase Switch (0 events):
No events

VM Operations (20 events):
Event: 0.861 Executing VM operation: HandshakeAllThreads (Deoptimize)
Event: 0.861 Executing VM operation: HandshakeAllThreads (Deoptimize) done
Event: 0.867 Executing VM operation: HandshakeAllThreads (Deoptimize)
Event: 0.867 Executing VM operation: HandshakeAllThreads (Deoptimize) done
Event: 0.947 Executing VM operation: HandshakeAllThreads (Deoptimize)
Event: 0.947 Executing VM operation: HandshakeAllThreads (Deoptimize) done
Event: 1.147 Executing VM operation: HandshakeAllThreads (Deoptimize)
Event: 1.148 Executing VM operation: HandshakeAllThreads (Deoptimize) done
Event: 1.163 Executing VM operation: HandshakeAllThreads (Deoptimize)
Event: 1.163 Executing VM operation: HandshakeAllThreads (Deoptimize) done
Event: 1.181 Executing VM operation: G1CollectForAllocation (G1 Evacuation Pause)
Event: 1.186 Executing VM operation: G1CollectForAllocation (G1 Evacuation Pause) done
Event: 1.394 Executing VM operation: HandshakeAllThreads (Deoptimize)
Event: 1.395 Executing VM operation: HandshakeAllThreads (Deoptimize) done
Event: 1.614 Executing VM operation: HandshakeAllThreads (Deoptimize)
Event: 1.614 Executing VM operation: HandshakeAllThreads (Deoptimize) done
Event: 1.827 Executing VM operation: HandshakeAllThreads (Deoptimize)
Event: 1.827 Executing VM operation: HandshakeAllThreads (Deoptimize) done
Event: 2.215 Executing VM operation: ICBufferFull
Event: 2.215 Executing VM operation: ICBufferFull done

Memory protections (0 events):
No events

Nmethod flushes (0 events):
No events

Events (17 events):
Event: 0.052 Thread 0x000001f92881d900 Thread added: 0x000001f92881d900
Event: 0.089 Thread 0x000001f92881d900 Thread added: 0x000001f946dfd8e0
Event: 0.089 Thread 0x000001f92881d900 Thread added: 0x000001f946dff440
Event: 0.090 Thread 0x000001f92881d900 Thread added: 0x000001f946e00090
Event: 0.090 Thread 0x000001f92881d900 Thread added: 0x000001f946e00ce0
Event: 0.090 Thread 0x000001f92881d900 Thread added: 0x000001f946e03840
Event: 0.090 Thread 0x000001f92881d900 Thread added: 0x000001f946e04290
Event: 0.090 Thread 0x000001f92881d900 Thread added: 0x000001f946e05010
Event: 0.120 Thread 0x000001f92881d900 Thread added: 0x000001f98c028030
Event: 0.311 Thread 0x000001f92881d900 Thread added: 0x000001f98c04b660
Event: 0.413 Thread 0x000001f92881d900 Thread added: 0x000001f98c21d740
Event: 0.473 Thread 0x000001f92881d900 Thread added: 0x000001f98c322ec0
Event: 0.540 Thread 0x000001f946e05010 Thread added: 0x000001f98c54e6a0
Event: 1.302 Thread 0x000001f946e00ce0 Thread added: 0x000001f98d6cfc00
Event: 1.331 Thread 0x000001f98d6cfc00 Thread added: 0x000001f98d5560c0
Event: 1.375 Thread 0x000001f98d5560c0 Thread added: 0x000001f98d91fc20
Event: 1.391 Thread 0x000001f98d5560c0 Thread added: 0x000001f98d920fd0


Dynamic libraries:
0x00007ff6cc240000 - 0x00007ff6cc24e000 	C:\Users\Dell\.jdks\corretto-21.0.6\bin\java.exe
0x00007ff9a0ad0000 - 0x00007ff9a0ce7000 	C:\Windows\SYSTEM32\ntdll.dll
0x00007ff99ebd0000 - 0x00007ff99ec94000 	C:\Windows\System32\KERNEL32.DLL
0x00007ff99e1b0000 - 0x00007ff99e583000 	C:\Windows\System32\KERNELBASE.dll
0x00007ff99e090000 - 0x00007ff99e1a1000 	C:\Windows\System32\ucrtbase.dll
0x00007ff996a20000 - 0x00007ff996a38000 	C:\Users\Dell\.jdks\corretto-21.0.6\bin\jli.dll
0x00007ff99f900000 - 0x00007ff99fab1000 	C:\Windows\System32\USER32.dll
0x00007ff996a00000 - 0x00007ff996a1b000 	C:\Users\Dell\.jdks\corretto-21.0.6\bin\VCRUNTIME140.dll
0x00007ff99e5c0000 - 0x00007ff99e5e6000 	C:\Windows\System32\win32u.dll
0x00007ff989c80000 - 0x00007ff989f1b000 	C:\Windows\WinSxS\amd64_microsoft.windows.common-controls_6595b64144ccf1df_6.0.22621.5262_none_2712bde373830908\COMCTL32.dll
0x00007ff9a07b0000 - 0x00007ff9a07d9000 	C:\Windows\System32\GDI32.dll
0x00007ff99fac0000 - 0x00007ff99fb67000 	C:\Windows\System32\msvcrt.dll
0x00007ff99dd00000 - 0x00007ff99de22000 	C:\Windows\System32\gdi32full.dll
0x00007ff99dff0000 - 0x00007ff99e08a000 	C:\Windows\System32\msvcp_win.dll
0x00007ff9a0860000 - 0x00007ff9a0891000 	C:\Windows\System32\IMM32.DLL
0x00007ff999ee0000 - 0x00007ff999eec000 	C:\Users\Dell\.jdks\corretto-21.0.6\bin\vcruntime140_1.dll
0x00007ff98a8a0000 - 0x00007ff98a92d000 	C:\Users\Dell\.jdks\corretto-21.0.6\bin\msvcp140.dll
0x00007ff95fda0000 - 0x00007ff960b3f000 	C:\Users\Dell\.jdks\corretto-21.0.6\bin\server\jvm.dll
0x00007ff99eb10000 - 0x00007ff99ebc1000 	C:\Windows\System32\ADVAPI32.dll
0x00007ff99f6a0000 - 0x00007ff99f747000 	C:\Windows\System32\sechost.dll
0x00007ff99e590000 - 0x00007ff99e5b8000 	C:\Windows\System32\bcrypt.dll
0x00007ff9a0970000 - 0x00007ff9a0a84000 	C:\Windows\System32\RPCRT4.dll
0x00007ff99fde0000 - 0x00007ff99fe51000 	C:\Windows\System32\WS2_32.dll
0x00007ff99d8e0000 - 0x00007ff99d92d000 	C:\Windows\SYSTEM32\POWRPROF.dll
0x00007ff995580000 - 0x00007ff9955b4000 	C:\Windows\SYSTEM32\WINMM.dll
0x00007ff98dc10000 - 0x00007ff98dc1a000 	C:\Windows\SYSTEM32\VERSION.dll
0x00007ff99d8c0000 - 0x00007ff99d8d3000 	C:\Windows\SYSTEM32\UMPDC.dll
0x00007ff99cc00000 - 0x00007ff99cc18000 	C:\Windows\SYSTEM32\kernel.appcore.dll
0x00007ff9969f0000 - 0x00007ff9969fa000 	C:\Users\Dell\.jdks\corretto-21.0.6\bin\jimage.dll
0x00007ff9977f0000 - 0x00007ff997a22000 	C:\Windows\SYSTEM32\DBGHELP.DLL
0x00007ff99f2f0000 - 0x00007ff99f683000 	C:\Windows\System32\combase.dll
0x00007ff99e7b0000 - 0x00007ff99e887000 	C:\Windows\System32\OLEAUT32.dll
0x00007ff986d40000 - 0x00007ff986d72000 	C:\Windows\SYSTEM32\dbgcore.DLL
0x00007ff99deb0000 - 0x00007ff99df2b000 	C:\Windows\System32\bcryptPrimitives.dll
0x00007ff999f20000 - 0x00007ff999f2e000 	C:\Users\Dell\.jdks\corretto-21.0.6\bin\instrument.dll
0x00007ff9969d0000 - 0x00007ff9969ef000 	C:\Users\Dell\.jdks\corretto-21.0.6\bin\java.dll
0x00007ff98b1f0000 - 0x00007ff98b208000 	C:\Users\Dell\.jdks\corretto-21.0.6\bin\zip.dll
0x00007ff99ff10000 - 0x00007ff9a07ad000 	C:\Windows\System32\SHELL32.dll
0x00007ff99dbc0000 - 0x00007ff99dcff000 	C:\Windows\System32\wintypes.dll
0x00007ff99bb00000 - 0x00007ff99c41d000 	C:\Windows\SYSTEM32\windows.storage.dll
0x00007ff99e990000 - 0x00007ff99ea9b000 	C:\Windows\System32\SHCORE.dll
0x00007ff9a07f0000 - 0x00007ff9a0856000 	C:\Windows\System32\shlwapi.dll
0x00007ff99daf0000 - 0x00007ff99db1b000 	C:\Windows\SYSTEM32\profapi.dll
0x00007ff9649c0000 - 0x00007ff964a97000 	C:\Users\Dell\.jdks\corretto-21.0.6\bin\jsvml.dll
0x00007ff9969c0000 - 0x00007ff9969d0000 	C:\Users\Dell\.jdks\corretto-21.0.6\bin\net.dll
0x00007ff9970b0000 - 0x00007ff9971dc000 	C:\Windows\SYSTEM32\WINHTTP.dll
0x00007ff99d080000 - 0x00007ff99d0ea000 	C:\Windows\system32\mswsock.dll
0x00007ff995140000 - 0x00007ff995156000 	C:\Users\Dell\.jdks\corretto-21.0.6\bin\nio.dll
0x00007ff999ec0000 - 0x00007ff999ec9000 	C:\Users\Dell\.jdks\corretto-21.0.6\bin\extnet.dll
0x00007ff99c740000 - 0x00007ff99c838000 	C:\Windows\SYSTEM32\DNSAPI.dll
0x00007ff99c6c0000 - 0x00007ff99c6ed000 	C:\Windows\SYSTEM32\IPHLPAPI.DLL
0x00007ff99fe60000 - 0x00007ff99fe69000 	C:\Windows\System32\NSI.dll
0x00007ff98b370000 - 0x00007ff98b37a000 	C:\Windows\System32\rasadhlp.dll
0x00007ff9939a0000 - 0x00007ff993a23000 	C:\Windows\System32\fwpuclnt.dll
0x00007ff998040000 - 0x00007ff998049000 	C:\Users\Dell\.jdks\corretto-21.0.6\bin\management.dll
0x00007ff998030000 - 0x00007ff99803b000 	C:\Users\Dell\.jdks\corretto-21.0.6\bin\management_ext.dll
0x00007ff9a07e0000 - 0x00007ff9a07e8000 	C:\Windows\System32\PSAPI.DLL
0x00007ff99d2d0000 - 0x00007ff99d2eb000 	C:\Windows\SYSTEM32\CRYPTSP.dll
0x00007ff99cb60000 - 0x00007ff99cb97000 	C:\Windows\system32\rsaenh.dll
0x00007ff99d170000 - 0x00007ff99d198000 	C:\Windows\SYSTEM32\USERENV.dll
0x00007ff99d2f0000 - 0x00007ff99d2fc000 	C:\Windows\SYSTEM32\CRYPTBASE.dll
0x00007ff9810e0000 - 0x00007ff9810f7000 	C:\Windows\system32\napinsp.dll
0x00007ff9810c0000 - 0x00007ff9810db000 	C:\Windows\system32\pnrpnsp.dll
0x00007ff9810a0000 - 0x00007ff9810b1000 	C:\Windows\System32\winrnr.dll
0x00007ff995410000 - 0x00007ff99542f000 	C:\Windows\system32\wshbth.dll
0x00007ff981070000 - 0x00007ff981091000 	C:\Windows\system32\nlansp_c.dll
0x00007ff986d90000 - 0x00007ff986de0000 	C:\Windows\SYSTEM32\pdh.dll
0x00007ff98b150000 - 0x00007ff98b161000 	C:\Windows\System32\perfproc.dll
0x00007ff981100000 - 0x00007ff981110000 	C:\Windows\System32\perfos.dll
0x00007ff99b2d0000 - 0x00007ff99b2e0000 	C:\Windows\SYSTEM32\pfclient.dll

dbghelp: loaded successfully - version: 4.0.5 - missing functions: none
symbol engine: initialized successfully - sym options: 0x614 - pdb path: .;C:\Users\Dell\.jdks\corretto-21.0.6\bin;C:\Windows\SYSTEM32;C:\Windows\WinSxS\amd64_microsoft.windows.common-controls_6595b64144ccf1df_6.0.22621.5262_none_2712bde373830908;C:\Users\Dell\.jdks\corretto-21.0.6\bin\server

VM Arguments:
jvm_args: -ea -Didea.test.cyclic.buffer.size=1048576 -javaagent:C:\Users\Dell\AppData\Local\JetBrains\IntelliJ IDEA 2024.3.1.1\lib\idea_rt.jar=61395 -javaagent:C:\Users\Dell\AppData\Local\JetBrains\IntelliJIdea2024.3\captureAgent\debugger-agent.jar -Dkotlinx.coroutines.debug.enable.creation.stack.trace=false -Ddebugger.agent.enable.coroutines=true -Dkotlinx.coroutines.debug.enable.flows.stack.trace=true -Dkotlinx.coroutines.debug.enable.mutable.state.flows.stack.trace=true -Dfile.encoding=UTF-8 -Dsun.stdout.encoding=UTF-8 -Dsun.stderr.encoding=UTF-8 
java_command: com.intellij.rt.junit.JUnitStarter -ideVersion5 -junit5 org.estore.estore.service.OrderServiceTest,testCanPlaceOrder
java_class_path (initial): C:\Users\Dell\.m2\repository\org\junit\platform\junit-platform-launcher\1.11.4\junit-platform-launcher-1.11.4.jar;C:\Users\Dell\AppData\Local\JetBrains\IntelliJ IDEA 2024.3.1.1\lib\idea_rt.jar;C:\Users\Dell\AppData\Local\JetBrains\IntelliJ IDEA 2024.3.1.1\plugins\junit\lib\junit5-rt.jar;C:\Users\Dell\AppData\Local\JetBrains\IntelliJ IDEA 2024.3.1.1\plugins\junit\lib\junit-rt.jar;C:\Users\Dell\OneDrive\Desktop\byte_builder_store\estore\target\test-classes;C:\Users\Dell\OneDrive\Desktop\byte_builder_store\estore\target\classes;C:\Users\Dell\.m2\repository\org\springframework\boot\spring-boot-starter-data-jpa\3.4.5\spring-boot-starter-data-jpa-3.4.5.jar;C:\Users\Dell\.m2\repository\org\springframework\boot\spring-boot-starter\3.4.5\spring-boot-starter-3.4.5.jar;C:\Users\Dell\.m2\repository\org\springframework\boot\spring-boot-starter-logging\3.4.5\spring-boot-starter-logging-3.4.5.jar;C:\Users\Dell\.m2\repository\ch\qos\logback\logback-classic\1.5.18\logback-classic-1.5.18.jar;C:\Users\Dell\.m2\repository\ch\qos\logback\logback-core\1.5.18\logback-core-1.5.18.jar;C:\Users\Dell\.m2\repository\org\apache\logging\log4j\log4j-to-slf4j\2.24.3\log4j-to-slf4j-2.24.3.jar;C:\Users\Dell\.m2\repository\org\apache\logging\log4j\log4j-api\2.24.3\log4j-api-2.24.3.jar;C:\Users\Dell\.m2\repository\org\slf4j\jul-to-slf4j\2.0.17\jul-to-slf4j-2.0.17.jar;C:\Users\Dell\.m2\repository\jakarta\annotation\jakarta.annotation-api\2.1.1\jakarta.annotation-api-2.1.1.jar;C:\Users\Dell\.m2\repository\org\yaml\snakeyaml\2.3\snakeyaml-2.3.jar;C:\Users\Dell\.m2\repository\org\springframework\boot\spring-boot-starter-jdbc\3.4.5\spring-boot-starter-jdbc-3.4.5.jar;C:\Users\Dell\.m2\repository\com\zaxxer\HikariCP\5.1.0\HikariCP-5.1.0.jar;C:\Users\Dell\.m2\repository\org\springframework\spring-jdbc\6.2.6\spring-jdbc-6.2.6.jar;C:\Users\Dell\.m2\repository\org\hibernate\orm\hibernate-core\6.6.13.Final\hibernate-core-6.6.13.Final.jar;C:\Users\Dell\.m2\repository\jakarta\persistence\jakarta.persistence-api\3.1.0\jakarta.persistence-api-3.1.0.jar;C:\Users\Dell\.m2\repository\jakarta\transaction\jakarta.transaction-api\2.0.1\jakarta.transaction-api-2.0.1.jar;C:\Users\Dell\.m2\repository\org\jboss\logging\jboss-logging\3.6.1.Final\jboss-logging-3.6.1.Final.jar;C:\Users\Dell\.m2\repository\org\hibernate\common\hibernate-commons-annotations\7.0.3.Final\hibernate-commons-annotations-7.0.3.Final.jar;C:\Users\Dell\.m2\repository\io\smallrye\jandex\3.2.0\jandex-3.2.0.jar;C:\Users\Dell\.m2\repository\com\fasterxml\classmate\1.7.0\classmate-1.7.0.jar;C:\Users\Dell\.m2\repository\net\bytebuddy\byte-buddy\1.15.11\byte-buddy-1.15.11.jar;C:\Users\Dell\.m2\repository\org\glassfish\jaxb\jaxb-runtime\4.0.5\jaxb-runtime-4.0.5.jar;C:\Users\Dell\.m2\repository\org\glassfish\jaxb\jaxb-core\4.0.5\jaxb-core-4.0.5.jar;C:\Users\Dell\.m2\repository\org\eclipse\angus\angus-activation\2.0.2\angus-activation-2.0.2.jar;C:\Users\Dell\.m2\repository\org\glassfish\jaxb\txw2\4.0.5\txw2-4.0.5.jar;C:\Users\Dell\.m2\repository\com\sun\istack\istack-commons-runtime\4.1.2\istack-commons-runtime-4.1.2.jar;C:\Users\Dell\.m2\repository\jakarta\inject\jakarta.inject-api\2.0.1\jakarta.inject-api-2.0.1.jar;C:\Users\Dell\.m2\repository\org\antlr\antlr4-runtime\4.13.0\antlr4-runtime-4.13.0.jar;C:\Users\Dell\.m2\repository\org\springframework\data\spring-data-jpa\3.4.5\spring-data-jpa-3.4.5.jar;C:\Users\Dell\.m2\repository\org\springframework\data\spring-data-commons\3.4.5\spring-data-commons-3.4.5.jar;C:\Users\Dell\.m2\repository\org\springframework\spring-orm\6.2.6\spring-orm-6.2.6.jar;C:\Users\Dell\.m2\repository\org\springframework\spring-context\6.2.6\spring-context-6.2.6.jar;C:\Users\Dell\.m2\repository\org\springframework\spring-aop\6.2.6\spring-aop-6.2.6.jar;C:\Users\Dell\.m2\repository\org\springframework\spring-tx\6.2.6\spring-tx-6.2.6.jar;C:\Users\Dell\.m2\repository\org\springframework\spring-beans\6.2.6\spring-beans-6.2.6.jar;C:\Users\Dell\.m2\repository\org\slf4j\slf4j-api\2.0.17\slf4j-api-2.0.17.jar;C:\Users\Dell\.m2\repository\org\springframework\spring-aspects\6.2.6\spring-aspects-6.2.6.jar;C:\Users\Dell\.m2\repository\org\aspectj\aspectjweaver\1.9.24\aspectjweaver-1.9.24.jar;C:\Users\Dell\.m2\repository\org\springframework\boot\spring-boot-starter-web\3.4.5\spring-boot-starter-web-3.4.5.jar;C:\Users\Dell\.m2\repository\org\springframework\boot\spring-boot-starter-json\3.4.5\spring-boot-starter-json-3.4.5.jar;C:\Users\Dell\.m2\repository\com\fasterxml\jackson\core\jackson-databind\2.18.3\jackson-databind-2.18.3.jar;C:\Users\Dell\.m2\repository\com\fasterxml\jackson\core\jackson-annotations\2.18.3\jackson-annotations-2.18.3.jar;C:\Users\Dell\.m2\repository\com\fasterxml\jackson\core\jackson-core\2.18.3\jackson-core-2.18.3.jar;C:\Users\Dell\.m2\repository\com\fasterxml\jackson\datatype\jackson-datatype-jdk8\2.18.3\jackson-datatype-jdk8-2.18.3.jar;C:\Users\Dell\.m2\repository\com\fasterxml\jackson\datatype\jackson-datatype-jsr310\2.18.3\jackson-datatype-jsr310-2.18.3.jar;C:\Users\Dell\.m2\repository\com\fasterxml\jackson\module\jackson-module-parameter-names\2.18.3\jackson-module-parameter-names-2.18.3.jar;C:\Users\Dell\.m2\repository\org\springframework\boot\spring-boot-starter-tomcat\3.4.5\spring-boot-starter-tomcat-3.4.5.jar;C:\Users\Dell\.m2\repository\org\apache\tomcat\embed\tomcat-embed-core\10.1.40\tomcat-embed-core-10.1.40.jar;C:\Users\Dell\.m2\repository\org\apache\tomcat\embed\tomcat-embed-el\10.1.40\tomcat-embed-el-10.1.40.jar;C:\Users\Dell\.m2\repository\org\apache\tomcat\embed\tomcat-embed-websocket\10.1.40\tomcat-embed-websocket-10.1.40.jar;C:\Users\Dell\.m2\repository\org\springframework\spring-web\6.2.6\spring-web-6.2.6.jar;C:\Users\Dell\.m2\repository\io\micrometer\micrometer-observation\1.14.6\micrometer-observation-1.14.6.jar;C:\Users\Dell\.m2\repository\io\micrometer\micrometer-commons\1.14.6\micrometer-commons-1.14.6.jar;C:\Users\Dell\.m2\repository\org\springframework\spring-webmvc\6.2.6\spring-webmvc-6.2.6.jar;C:\Users\Dell\.m2\repository\org\springframework\spring-expression\6.2.6\spring-expression-6.2.6.jar;C:\Users\Dell\.m2\repository\org\springframework\boot\spring-boot-devtools\3.4.5\spring-boot-devtools-3.4.5.jar;C:\Users\Dell\.m2\repository\org\springframework\boot\spring-boot\3.4.5\spring-boot-3.4.5.jar;C:\Users\Dell\.m2\repository\org\springframework\boot\spring-boot-autoconfigure\3.4.5\spring-boot-autoconfigure-3.4.5.jar;C:\Users\Dell\.m2\repository\org\modelmapper\modelmapper\3.2.0\modelmapper-3.2.0.jar;C:\Users\Dell\.m2\repository\com\mysql\mysql-connector-j\9.1.0\mysql-connector-j-9.1.0.jar;C:\Users\Dell\.m2\repository\org\projectlombok\lombok\1.18.24\lombok-1.18.24.jar;C:\Users\Dell\.m2\repository\org\springframework\boot\spring-boot-starter-test\3.4.5\spring-boot-starter-test-3.4.5.jar;C:\Users\Dell\.m2\repository\org\springframework\boot\spring-boot-test\3.4.5\spring-boot-test-3.4.5.jar;C:\Users\Dell\.m2\repository\org\springframework\boot\spring-boot-test-autoconfigure\3.4.5\spring-boot-test-autoconfigure-3.4.5.jar;C:\Users\Dell\.m2\repository\com\jayway\jsonpath\json-path\2.9.0\json-path-2.9.0.jar;C:\Users\Dell\.m2\repository\jakarta\xml\bind\jakarta.xml.bind-api\4.0.2\jakarta.xml.bind-api-4.0.2.jar;C:\Users\Dell\.m2\repository\jakarta\activation\jakarta.activation-api\2.1.3\jakarta.activation-api-2.1.3.jar;C:\Users\Dell\.m2\repository\net\minidev\json-smart\2.5.2\json-smart-2.5.2.jar;C:\Users\Dell\.m2\repository\net\minidev\accessors-smart\2.5.2\accessors-smart-2.5.2.jar;C:\Users\Dell\.m2\repository\org\ow2\asm\asm\9.7.1\asm-9.7.1.jar;C:\Users\Dell\.m2\repository\org\assertj\assertj-core\3.26.3\assertj-core-3.26.3.jar;C:\Users\Dell\.m2\repository\org\awaitility\awaitility\4.2.2\awaitility-4.2.2.jar;C:\Users\Dell\.m2\repository\org\hamcrest\hamcrest\2.2\hamcrest-2.2.jar;C:\Users\Dell\.m2\repository\org\junit\jupiter\junit-jupiter\5.11.4\junit-jupiter-5.11.4.jar;C:\Users\Dell\.m2\repository\org\junit\jupiter\junit-jupiter-api\5.11.4\junit-jupiter-api-5.11.4.jar;C:\Users\Dell\.m2\repository\org\opentest4j\opentest4j\1.3.0\opentest4j-1.3.0.jar;C:\Users\Dell\.m2\repository\org\junit\platform\junit-platform-commons\1.11.4\junit-platform-commons-1.11.4.jar;C:\Users\Dell\.m2\repository\org\apiguardian\apiguardian-api\1.1.2\apiguardian-api-1.1.2.jar;C:\Users\Dell\.m2\repository\org\junit\jupiter\junit-jupiter-params\5.11.4\junit-jupiter-params-5.11.4.jar;C:\Users\Dell\.m2\repository\org\junit\jupiter\junit-jupiter-engine\5.11.4\junit-jupiter-engine-5.11.4.jar;C:\Users\Dell\.m2\repository\org\junit\platform\junit-platform-engine\1.11.4\junit-platform-engine-1.11.4.jar;C:\Users\Dell\.m2\repository\org\mockito\mockito-core\5.14.2\mockito-core-5.14.2.jar;C:\Users\Dell\.m2\repository\net\bytebuddy\byte-buddy-agent\1.15.11\byte-buddy-agent-1.15.11.jar;C:\Users\Dell\.m2\repository\org\objenesis\objenesis\3.3\objenesis-3.3.jar;C:\Users\Dell\.m2\repository\org\mockito\mockito-junit-jupiter\5.14.2\mockito-junit-jupiter-5.14.2.jar;C:\Users\Dell\.m2\repository\org\skyscreamer\jsonassert\1.5.3\jsonassert-1.5.3.jar;C:\Users\Dell\.m2\repository\com\vaadin\external\google\android-json\0.0.20131108.vaadin1\android-json-0.0.20131108.vaadin1.jar;C:\Users\Dell\.m2\repository\org\springframework\spring-core\6.2.6\spring-core-6.2.6.jar;C:\Users\Dell\.m2\repository\org\springframework\spring-jcl\6.2.6\spring-jcl-6.2.6.jar;C:\Users\Dell\.m2\repository\org\springframework\spring-test\6.2.6\spring-test-6.2.6.jar;C:\Users\Dell\.m2\repository\org\xmlunit\xmlunit-core\2.10.0\xmlunit-core-2.10.0.jar
Launcher Type: SUN_STANDARD

[Global flags]
     intx CICompilerCount                          = 3                                         {product} {ergonomic}
     uint ConcGCThreads                            = 1                                         {product} {ergonomic}
     uint G1ConcRefinementThreads                  = 4                                         {product} {ergonomic}
   size_t G1HeapRegionSize                         = 1048576                                   {product} {ergonomic}
    uintx GCDrainStackTargetSize                   = 64                                        {product} {ergonomic}
   size_t InitialHeapSize                          = 134217728                                 {product} {ergonomic}
   size_t MarkStackSize                            = 4194304                                   {product} {ergonomic}
   size_t MaxHeapSize                              = 2120220672                                {product} {ergonomic}
   size_t MaxNewSize                               = 1271922688                                {product} {ergonomic}
   size_t MinHeapDeltaBytes                        = 1048576                                   {product} {ergonomic}
   size_t MinHeapSize                              = 8388608                                   {product} {ergonomic}
    uintx NonNMethodCodeHeapSize                   = 5832780                                {pd product} {ergonomic}
    uintx NonProfiledCodeHeapSize                  = 122912730                              {pd product} {ergonomic}
    uintx ProfiledCodeHeapSize                     = 122912730                              {pd product} {ergonomic}
    uintx ReservedCodeCacheSize                    = 251658240                              {pd product} {ergonomic}
     bool SegmentedCodeCache                       = true                                      {product} {ergonomic}
   size_t SoftMaxHeapSize                          = 2120220672                             {manageable} {ergonomic}
     bool UseCompressedOops                        = true                           {product lp64_product} {ergonomic}
     bool UseG1GC                                  = true                                      {product} {ergonomic}
     bool UseLargePagesIndividualAllocation        = false                                  {pd product} {ergonomic}

Logging:
Log output configuration:
 #0: stdout all=warning uptime,level,tags foldmultilines=false
 #1: stderr all=off uptime,level,tags foldmultilines=false

Environment Variables:
PATH=C:\Program Files\Common Files\Oracle\Java\javapath;C:\Windows\system32;C:\Windows;C:\Windows\System32\Wbem;C:\Windows\System32\WindowsPowerShell\v1.0\;C:\Windows\System32\OpenSSH\;C:\Program Files\Git\cmd;C:\Program Files\nodejs\;C:\ProgramData\chocolatey\bin;C:\Users\Dell\.cargo\bin;C:\Program Files\MySQL\MySQL Shell 8.0\bin\;C:\Users\Dell\AppData\Local\Programs\Python\Python313\Scripts\;C:\Users\Dell\AppData\Local\Programs\Python\Python313\;C:\Users\Dell\AppData\Local\Programs\Python\Launcher\;C:\Users\Dell\AppData\Local\Microsoft\WindowsApps;C:\Users\Dell\AppData\Local\Programs\Microsoft VS Code\bin;C:\Program Files\JetBrains\PyCharm 2024.3.1.1\bin;C:\Users\Dell\AppData\Roaming\npm;C:\Users\Dell\AppData\Local\JetBrains\Toolbox\scripts;C:\Users\Dell\Downloads\Programs;
USERNAME=Dell
OS=Windows_NT
PROCESSOR_IDENTIFIER=Intel64 Family 6 Model 78 Stepping 3, GenuineIntel
TMP=C:\Users\Dell\AppData\Local\Temp
TEMP=C:\Users\Dell\AppData\Local\Temp




Periodic native trim disabled

---------------  S Y S T E M  ---------------

OS:
 Windows 11 , 64 bit Build 22621 (10.0.22621.5262)
OS uptime: 3 days 17:37 hours

CPU: total 4 (initial active 4) (2 cores per cpu, 2 threads per core) family 6 model 78 stepping 3 microcode 0xd6, cx8, cmov, fxsr, ht, mmx, 3dnowpref, sse, sse2, sse3, ssse3, sse4.1, sse4.2, popcnt, lzcnt, tsc, tscinvbit, avx, avx2, aes, erms, clmul, bmi1, bmi2, rtm, adx, fma, vzeroupper, clflush, clflushopt, rdtscp, f16c
Processor Information for the first 4 processors :
  Max Mhz: 2501, Current Mhz: 2501, Mhz Limit: 2501

Memory: 4k page, system-wide physical 8083M (891M free)
TotalPageFile size 20841M (AvailPageFile size 2M)
current process WorkingSet (physical memory assigned to process): 146M, peak: 146M
current process commit charge ("private bytes"): 270M, peak: 270M

vm_info: OpenJDK 64-Bit Server VM (21.0.6+7-LTS) for windows-amd64 JRE (21.0.6+7-LTS), built on 2025-01-07T23:42:01Z by "Administrator" with MS VC++ 16.10 / 16.11 (VS2019)

END.
